<?xml version="1.0" encoding="UTF-8"?>
<testsuite xmlns:xsi="http://www.w3.org/2001/XMLSchema-instance" xsi:noNamespaceSchemaLocation="https://maven.apache.org/surefire/maven-surefire-plugin/xsd/surefire-test-report-3.0.xsd" version="3.0" name="TestSuite" time="0.505" tests="9" errors="0" skipped="8" failures="1">
  <properties>
[...]
</properties>
  <testcase name="setup" classname="com.tce.qa.testcases.LoginWithUserIDPasswordTest" time="0.314">
    <failure type="java.lang.NullPointerException">java.lang.NullPointerException
	at com.tce.qa.testcases.LoginWithUserIDPasswordTest.setup(LoginWithUserIDPasswordTest.java:20)
</failure>
    <system-err><![CDATA[java.io.FileNotFoundException: C:\Users\Sapna Mishra\eclipse-workspace\TCETestC:\Users\Sapna Mishra\eclipse-workspace\TCETest\src\main\java\com\tce\qa\config\config.properties (The filename, directory name, or volume label syntax is incorrect)
	at java.base/java.io.FileInputStream.open0(Native Method)
	at java.base/java.io.FileInputStream.open(FileInputStream.java:213)
	at java.base/java.io.FileInputStream.<init>(FileInputStream.java:155)
	at java.base/java.io.FileInputStream.<init>(FileInputStream.java:110)
	at com.tce.qa.base.TestBase.<init>(TestBase.java:21)
	at com.tce.qa.testcases.LoginWithUserIDPasswordTest.<init>(LoginWithUserIDPasswordTest.java:16)
	at java.base/jdk.internal.reflect.NativeConstructorAccessorImpl.newInstance0(Native Method)
	at java.base/jdk.internal.reflect.NativeConstructorAccessorImpl.newInstance(NativeConstructorAccessorImpl.java:62)
	at java.base/jdk.internal.reflect.DelegatingConstructorAccessorImpl.newInstance(DelegatingConstructorAccessorImpl.java:45)
	at java.base/java.lang.reflect.Constructor.newInstanceWithCaller(Constructor.java:500)
	at java.base/java.lang.reflect.Constructor.newInstance(Constructor.java:481)
	at org.testng.internal.ObjectFactoryImpl.newInstance(ObjectFactoryImpl.java:24)
	at org.testng.internal.ClassHelper.createInstance1(ClassHelper.java:423)
	at org.testng.internal.ClassHelper.createInstance(ClassHelper.java:336)
	at org.testng.internal.ClassImpl.getDefaultInstance(ClassImpl.java:125)
	at org.testng.internal.ClassImpl.getInstances(ClassImpl.java:190)
	at org.testng.TestClass.getInstances(TestClass.java:95)
	at org.testng.TestClass.initTestClassesAndInstances(TestClass.java:81)
	at org.testng.TestClass.init(TestClass.java:73)
	at org.testng.TestClass.<init>(TestClass.java:38)
	at org.testng.TestRunner.initMethods(TestRunner.java:389)
	at org.testng.TestRunner.init(TestRunner.java:271)
	at org.testng.TestRunner.init(TestRunner.java:241)
	at org.testng.TestRunner.<init>(TestRunner.java:167)
	at org.testng.SuiteRunner$DefaultTestRunnerFactory.newTestRunner(SuiteRunner.java:663)
	at org.testng.SuiteRunner.init(SuiteRunner.java:260)
	at org.testng.SuiteRunner.<init>(SuiteRunner.java:198)
	at org.testng.TestNG.createSuiteRunner(TestNG.java:1295)
	at org.testng.TestNG.createSuiteRunners(TestNG.java:1273)
	at org.testng.TestNG.runSuitesLocally(TestNG.java:1128)
	at org.testng.TestNG.runSuites(TestNG.java:1049)
	at org.testng.TestNG.run(TestNG.java:1017)
	at org.apache.maven.surefire.testng.TestNGExecutor.run(TestNGExecutor.java:283)
	at org.apache.maven.surefire.testng.TestNGXmlTestSuite.execute(TestNGXmlTestSuite.java:75)
	at org.apache.maven.surefire.testng.TestNGProvider.invoke(TestNGProvider.java:120)
	at org.apache.maven.surefire.booter.ForkedBooter.invokeProviderInSameClassLoader(ForkedBooter.java:384)
	at org.apache.maven.surefire.booter.ForkedBooter.runSuitesInProcess(ForkedBooter.java:345)
	at org.apache.maven.surefire.booter.ForkedBooter.execute(ForkedBooter.java:126)
	at org.apache.maven.surefire.booter.ForkedBooter.main(ForkedBooter.java:418)
]]></system-err>
  </testcase>
  <testcase name="setup" classname="com.tce.qa.testcases.LoginWithUserIDPasswordTest" time="0">
    <skipped/>
  </testcase>
  <testcase name="setup" classname="com.tce.qa.testcases.LoginWithUserIDPasswordTest" time="0">
    <skipped/>
  </testcase>
  <testcase name="loginWithUserIDPasswordPageTitle" classname="com.tce.qa.testcases.LoginWithUserIDPasswordTest" time="0">
    <skipped/>
  </testcase>
  <testcase name="quit" classname="com.tce.qa.testcases.LoginWithUserIDPasswordTest" time="0">
    <skipped/>
  </testcase>
  <testcase name="quit" classname="com.tce.qa.testcases.LoginWithUserIDPasswordTest" time="0">
    <skipped/>
  </testcase>
  <testcase name="quit" classname="com.tce.qa.testcases.LoginWithUserIDPasswordTest" time="0">
    <skipped/>
  </testcase>
  <testcase name="loginWithUserIDPasswordPageLogo" classname="com.tce.qa.testcases.LoginWithUserIDPasswordTest" time="0">
    <skipped/>
  </testcase>
  <testcase name="loginWithUserIDPassword" classname="com.tce.qa.testcases.LoginWithUserIDPasswordTest" time="0">
    <skipped/>
  </testcase>
</testsuite>