<?xml version="1.0" encoding="UTF-8"?>
<!-- Generated by org.testng.reporters.JUnitXMLReporter -->
<testsuite ignored="0" hostname="DESKTOP-DHKQNOK" failures="0" tests="3" name="Login With UserID Password Test" time="0.024" errors="0" timestamp="07 Aug 2019 06:23:48 GMT">
  <testcase classname="com.tce.qa.testcases.LoginWithUserIDPasswordTest" name="@BeforeMethod setup" time="0.004">
    <failure type="java.lang.NullPointerException">
      <![CDATA[java.lang.NullPointerException
at com.tce.qa.base.TestBase.initialization(TestBase.java:32)
at com.tce.qa.testcases.LoginWithUserIDPasswordTest.setup(LoginWithUserIDPasswordTest.java:20)
at java.base/java.util.concurrent.FutureTask.run(FutureTask.java:264)
at java.base/java.util.concurrent.ThreadPoolExecutor.runWorker(ThreadPoolExecutor.java:1128)
at java.base/java.util.concurrent.ThreadPoolExecutor$Worker.run(ThreadPoolExecutor.java:628)
at java.base/java.lang.Thread.run(Thread.java:835)
... Removed 19 stack frames]]>
    </failure>
  </testcase> <!-- @BeforeMethod setup -->
  <testcase classname="com.tce.qa.testcases.LoginWithUserIDPasswordTest" name="@AfterMethod quit" time="0.0">
    <skipped/>
  </testcase> <!-- @AfterMethod quit -->
  <testcase classname="com.tce.qa.testcases.LoginWithUserIDPasswordTest" name="@BeforeMethod setup" time="0.0">
    <skipped/>
  </testcase> <!-- @BeforeMethod setup -->
  <testcase classname="com.tce.qa.testcases.LoginWithUserIDPasswordTest" name="@AfterMethod quit" time="0.0">
    <skipped/>
  </testcase> <!-- @AfterMethod quit -->
  <testcase classname="com.tce.qa.testcases.LoginWithUserIDPasswordTest" name="@BeforeMethod setup" time="0.0">
    <skipped/>
  </testcase> <!-- @BeforeMethod setup -->
  <testcase classname="com.tce.qa.testcases.LoginWithUserIDPasswordTest" name="@AfterMethod quit" time="0.0">
    <skipped/>
  </testcase> <!-- @AfterMethod quit -->
  <testcase classname="com.tce.qa.testcases.LoginWithUserIDPasswordTest" name="loginWithUserIDPasswordPageTitle" time="0.0">
    <skipped/>
  </testcase> <!-- loginWithUserIDPasswordPageTitle -->
  <testcase classname="com.tce.qa.testcases.LoginWithUserIDPasswordTest" name="loginWithUserIDPasswordPageLogo" time="0.0">
    <skipped/>
  </testcase> <!-- loginWithUserIDPasswordPageLogo -->
  <testcase classname="com.tce.qa.testcases.LoginWithUserIDPasswordTest" name="loginWithUserIDPassword" time="0.0">
    <skipped/>
  </testcase> <!-- loginWithUserIDPassword -->
</testsuite> <!-- Login With UserID Password Test -->
