<?xml version="1.0" encoding="UTF-8"?>
<testng-results ignored="0" total="1" passed="1" failed="0" skipped="0">
  <reporter-output>
  </reporter-output>
  <suite started-at="2019-08-09T11:35:38Z" name="Default suite" finished-at="2019-08-09T11:37:52Z" duration-ms="133739">
    <groups>
    </groups>
    <test started-at="2019-08-09T11:35:38Z" name="Default test" finished-at="2019-08-09T11:37:52Z" duration-ms="133739">
      <class name="com.tce.qa.testcases.WhiteboardPageTest">
        <test-method is-config="true" signature="setup()[pri:0, instance:com.tce.qa.testcases.WhiteboardPageTest@1e730495]" started-at="2019-08-09T11:35:38Z" name="setup" finished-at="2019-08-09T11:35:48Z" duration-ms="9609" status="PASS">
          <reporter-output>
          </reporter-output>
        </test-method> <!-- setup -->
        <test-method signature="validateGDS()[pri:1, instance:com.tce.qa.testcases.WhiteboardPageTest@1e730495]" started-at="2019-08-09T11:35:48Z" name="validateGDS" finished-at="2019-08-09T11:37:51Z" duration-ms="123408" status="PASS">
          <reporter-output>
          </reporter-output>
        </test-method> <!-- validateGDS -->
        <test-method is-config="true" signature="teardown()[pri:0, instance:com.tce.qa.testcases.WhiteboardPageTest@1e730495]" started-at="2019-08-09T11:37:51Z" name="teardown" finished-at="2019-08-09T11:37:52Z" duration-ms="701" status="PASS">
          <reporter-output>
          </reporter-output>
        </test-method> <!-- teardown -->
      </class> <!-- com.tce.qa.testcases.WhiteboardPageTest -->
    </test> <!-- Default test -->
  </suite> <!-- Default suite -->
</testng-results>
